0 info it worked if it ends with ok
1 verbose cli [ 'C:\\Program Files\\nodejs\\node.exe',
1 verbose cli   'C:\\Users\\8470p\\AppData\\Roaming\\npm\\node_modules\\npm\\bin\\npm-cli.js',
1 verbose cli   'start' ]
2 info using npm@4.1.2
3 info using node@v6.9.5
4 verbose run-script [ 'prestart', 'start', 'poststart' ]
5 info lifecycle video-chat-peerjs@1.0.0~prestart: video-chat-peerjs@1.0.0
6 silly lifecycle video-chat-peerjs@1.0.0~prestart: no script for prestart, continuing
7 info lifecycle video-chat-peerjs@1.0.0~start: video-chat-peerjs@1.0.0
8 verbose lifecycle video-chat-peerjs@1.0.0~start: unsafe-perm in lifecycle true
9 verbose lifecycle video-chat-peerjs@1.0.0~start: PATH: C:\Users\8470p\AppData\Roaming\npm\node_modules\npm\bin\node-gyp-bin;C:\Users\8470p\Desktop\video-chat-peerjs\node_modules\.bin;C:\Users\8470p\bin;C:\Program Files\Git\mingw64\bin;C:\Program Files\Git\usr\local\bin;C:\Program Files\Git\usr\bin;C:\Program Files\Git\usr\bin;C:\Program Files\Git\mingw64\bin;C:\Program Files\Git\usr\bin;C:\Users\8470p\bin;C:\ProgramData\Oracle\Java\javapath;C:\Windows\system32;C:\Windows;C:\Windows\System32\Wbem;C:\Windows\System32\WindowsPowerShell\v1.0;C:\Program Files (x86)\ATI Technologies\ATI.ACE\Core-Static;C:\Program Files\WIDCOMM\Bluetooth Software;C:\Program Files\WIDCOMM\Bluetooth Software\syswow64;C:\Program Files (x86)\Skype\Phone;C:\Program Files\Git\cmd;C:\Program Files\Microsoft SQL Server\110\Tools\Binn;C:\Program Files (x86)\CodeBlocks\MinGW\bin;C:\Program Files\nodejs;C:\blp\DAPI;C:\blp\DAPI\DDE;C:\Users\8470p\AppData\Local\Programs\Python\Launcher;C:\Users\8470p\Roaming\npm;C:\Program Files\Java\jdk1.7.0_80\bin;C:\Program Files\Java\apache-maven-3.3.9\bin;C:\Users\8470p\Desktop\Se2Node\DriverServer;C:\Users\8470p\AppData\Roaming\npm;C:\Program Files\Git\usr\bin\vendor_perl;C:\Program Files\Git\usr\bin\core_perl
10 verbose lifecycle video-chat-peerjs@1.0.0~start: CWD: C:\Users\8470p\Desktop\video-chat-peerjs
11 silly lifecycle video-chat-peerjs@1.0.0~start: Args: [ '/d /s /c', 'node index.js' ]
12 silly lifecycle video-chat-peerjs@1.0.0~start: Returned: code: 1  signal: null
13 info lifecycle video-chat-peerjs@1.0.0~start: Failed to exec start script
14 verbose stack Error: video-chat-peerjs@1.0.0 start: `node index.js`
14 verbose stack Exit status 1
14 verbose stack     at EventEmitter.<anonymous> (C:\Users\8470p\AppData\Roaming\npm\node_modules\npm\lib\utils\lifecycle.js:279:16)
14 verbose stack     at emitTwo (events.js:106:13)
14 verbose stack     at EventEmitter.emit (events.js:191:7)
14 verbose stack     at ChildProcess.<anonymous> (C:\Users\8470p\AppData\Roaming\npm\node_modules\npm\lib\utils\spawn.js:40:14)
14 verbose stack     at emitTwo (events.js:106:13)
14 verbose stack     at ChildProcess.emit (events.js:191:7)
14 verbose stack     at maybeClose (internal/child_process.js:877:16)
14 verbose stack     at Process.ChildProcess._handle.onexit (internal/child_process.js:226:5)
15 verbose pkgid video-chat-peerjs@1.0.0
16 verbose cwd C:\Users\8470p\Desktop\video-chat-peerjs
17 error Windows_NT 6.1.7601
18 error argv "C:\\Program Files\\nodejs\\node.exe" "C:\\Users\\8470p\\AppData\\Roaming\\npm\\node_modules\\npm\\bin\\npm-cli.js" "start"
19 error node v6.9.5
20 error npm  v4.1.2
21 error code ELIFECYCLE
22 error video-chat-peerjs@1.0.0 start: `node index.js`
22 error Exit status 1
23 error Failed at the video-chat-peerjs@1.0.0 start script 'node index.js'.
23 error Make sure you have the latest version of node.js and npm installed.
23 error If you do, this is most likely a problem with the video-chat-peerjs package,
23 error not with npm itself.
23 error Tell the author that this fails on your system:
23 error     node index.js
23 error You can get information on how to open an issue for this project with:
23 error     npm bugs video-chat-peerjs
23 error Or if that isn't available, you can get their info via:
23 error     npm owner ls video-chat-peerjs
23 error There is likely additional logging output above.
24 verbose exit [ 1, true ]
